Using pre-set license
Built from '2020.3/staging' branch; Version is '2020.3.25f1 (9b9180224418) revision 10195328'; Using compiler version '192528614'; Build Type 'Release'
OS: 'Windows 10  (10.0.19042) 64bit Education' Language: 'en' Physical Memory: 16229 MB
BatchMode: 1, IsHumanControllingUs: 0, StartBugReporterOnCrash: 0, Is64bit: 1, IsPro: 0

COMMAND LINE ARGUMENTS:
C:\Program Files\Unity\Hub\Editor\2020.3.25f1\Editor\Unity.exe
-adb2
-batchMode
-noUpm
-name
AssetImportWorker0
-projectPath
D:/Users/edmon/Desktop/Github/ARFBdyTrackModelTest
-logFile
Logs/AssetImportWorker0.log
-srvPort
56741
Successfully changed project path to: D:/Users/edmon/Desktop/Github/ARFBdyTrackModelTest
D:/Users/edmon/Desktop/Github/ARFBdyTrackModelTest
Using Asset Import Pipeline V2.
Refreshing native plugins compatible for Editor in 30.40 ms, found 2 plugins.
Preloading 0 native plugins for Editor in 0.00 ms.
Initialize engine version: 2020.3.25f1 (9b9180224418)
[Subsystems] Discovering subsystems at path C:/Program Files/Unity/Hub/Editor/2020.3.25f1/Editor/Data/Resources/UnitySubsystems
[Subsystems] Discovering subsystems at path D:/Users/edmon/Desktop/Github/ARFBdyTrackModelTest/Assets
GfxDevice: creating device client; threaded=0
Direct3D:
    Version:  Direct3D 11.0 [level 11.1]
    Renderer: NVIDIA GeForce GTX 1050 Ti (ID=0x1c8f)
    Vendor:   
    VRAM:     4021 MB
    Driver:   27.21.14.6172
Initialize mono
Mono path[0] = 'C:/Program Files/Unity/Hub/Editor/2020.3.25f1/Editor/Data/Managed'
Mono path[1] = 'C:/Program Files/Unity/Hub/Editor/2020.3.25f1/Editor/Data/MonoBleedingEdge/lib/mono/unityjit'
Mono config path = 'C:/Program Files/Unity/Hub/Editor/2020.3.25f1/Editor/Data/MonoBleedingEdge/etc'
Using monoOptions --debugger-agent=transport=dt_socket,embedding=1,server=y,suspend=n,address=127.0.0.1:56320
Begin MonoManager ReloadAssembly
Registering precompiled unity dll's ...
Register platform support module: C:/Program Files/Unity/Hub/Editor/2020.3.25f1/Editor/Data/PlaybackEngines/WindowsStandaloneSupport/UnityEditor.WindowsStandalone.Extensions.dll
Registered in 0.001149 seconds.
Native extension for WindowsStandalone target not found
Refreshing native plugins compatible for Editor in 28.28 ms, found 2 plugins.
Preloading 0 native plugins for Editor in 0.00 ms.
Mono: successfully reloaded assembly
- Completed reload, in  0.556 seconds
Domain Reload Profiling:
	ReloadAssembly (557ms)
		BeginReloadAssembly (48ms)
			ExecutionOrderSort (0ms)
			DisableScriptedObjects (0ms)
			BackupInstance (0ms)
			ReleaseScriptingObjects (0ms)
			CreateAndSetChildDomain (1ms)
		EndReloadAssembly (449ms)
			LoadAssemblies (48ms)
			RebuildTransferFunctionScriptingTraits (0ms)
			SetupTypeCache (164ms)
			ReleaseScriptCaches (0ms)
			RebuildScriptCaches (29ms)
			SetupLoadedEditorAssemblies (141ms)
				LogAssemblyErrors (0ms)
				InitializePlatformSupportModulesInManaged (4ms)
				SetLoadedEditorAssemblies (0ms)
				RefreshPlugins (28ms)
				BeforeProcessingInitializeOnLoad (15ms)
				ProcessInitializeOnLoadAttributes (69ms)
				ProcessInitializeOnLoadMethodAttributes (24ms)
				AfterProcessingInitializeOnLoad (0ms)
				EditorAssembliesLoaded (0ms)
			ExecutionOrderSort2 (0ms)
			AwakeInstancesAfterBackupRestoration (0ms)
Platform modules already initialized, skipping
Registering precompiled user dll's ...
Registered in 0.004199 seconds.
Begin MonoManager ReloadAssembly
Native extension for WindowsStandalone target not found
Refreshing native plugins compatible for Editor in 0.31 ms, found 2 plugins.
Preloading 0 native plugins for Editor in 0.00 ms.
Mono: successfully reloaded assembly
- Completed reload, in  0.920 seconds
Domain Reload Profiling:
	ReloadAssembly (920ms)
		BeginReloadAssembly (125ms)
			ExecutionOrderSort (0ms)
			DisableScriptedObjects (4ms)
			BackupInstance (0ms)
			ReleaseScriptingObjects (0ms)
			CreateAndSetChildDomain (17ms)
		EndReloadAssembly (746ms)
			LoadAssemblies (78ms)
			RebuildTransferFunctionScriptingTraits (0ms)
			SetupTypeCache (258ms)
			ReleaseScriptCaches (0ms)
			RebuildScriptCaches (38ms)
			SetupLoadedEditorAssemblies (257ms)
				LogAssemblyErrors (0ms)
				InitializePlatformSupportModulesInManaged (4ms)
				SetLoadedEditorAssemblies (0ms)
				RefreshPlugins (0ms)
				BeforeProcessingInitializeOnLoad (67ms)
				ProcessInitializeOnLoadAttributes (174ms)
				ProcessInitializeOnLoadMethodAttributes (8ms)
				AfterProcessingInitializeOnLoad (3ms)
				EditorAssembliesLoaded (0ms)
			ExecutionOrderSort2 (0ms)
			AwakeInstancesAfterBackupRestoration (5ms)
Platform modules already initialized, skipping
========================================================================
Worker process is ready to serve import requests
Launched and connected shader compiler UnityShaderCompiler.exe after 0.06 seconds
Refreshing native plugins compatible for Editor in 0.28 ms, found 2 plugins.
Preloading 0 native plugins for Editor in 0.00 ms.
Unloading 1500 Unused Serialized files (Serialized files now loaded: 0)
System memory in use before: 67.4 MB.
System memory in use after: 67.5 MB.

Unloading 19 unused Assets to reduce memory usage. Loaded Objects now: 1932.
Total: 2.472300 ms (FindLiveObjects: 0.125300 ms CreateObjectMapping: 0.041900 ms MarkObjects: 2.256900 ms  DeleteObjects: 0.047600 ms)

AssetImportParameters requested are different than current active one (requested -> active):
  custom:framework-win-MediaFoundation: 216162199b28c13a410421893ffa2e32 -> 
  custom:video-decoder-ogg-theora: a1e56fd34408186e4bbccfd4996cb3dc -> 
  custom:container-muxer-webm: aa71ff27fc2769a1b78a27578f13a17b -> 
  custom:container-demuxer-webm: 4f35f7cbe854078d1ac9338744f61a02 -> 
  custom:container-demuxer-ogg: 62fdf1f143b41e24485cea50d1cbac27 -> 
  custom:video-encoder-webm-vp8: eb34c28f22e8b96e1ab97ce403110664 -> 
  custom:video-decoder-webm-vp8: 9c59270c3fd7afecdb556c50c9e8de78 -> 
  custom:audio-decoder-ogg-vorbis: bf7c407c2cedff20999df2af8eb42d56 -> 
  custom:audio-encoder-webm-vorbis: bf7c407c2cedff20999df2af8eb42d56 -> 
========================================================================
Received Import Request.
  path: Assets/Scenes
  artifactKey: Guid(057898c3567df3c459d6e962ded8caf5) Importer(815301076,1909f56bfc062723c751e8b465ee728b)
Start importing Assets/Scenes using Guid(057898c3567df3c459d6e962ded8caf5) Importer(815301076,1909f56bfc062723c751e8b465ee728b)  -> (artifact id: 'c202ce514f822644c74c8e73afb9f81a') in 0.024902 seconds 
  Import took 0.027545 seconds .

========================================================================
Received Import Request.
  Time since last request: 0.000226 seconds.
  path: Assets/Scenes/SampleScene.unity
  artifactKey: Guid(9fc0d4010bbf28b4594072e72b8655ab) Importer(815301076,1909f56bfc062723c751e8b465ee728b)
Start importing Assets/Scenes/SampleScene.unity using Guid(9fc0d4010bbf28b4594072e72b8655ab) Importer(815301076,1909f56bfc062723c751e8b465ee728b)  -> (artifact id: '85059f4f9e1a832ed95adaa0d25c5c4c') in 0.032653 seconds 
  Import took 0.035664 seconds .

========================================================================
Received Import Request.
  Time since last request: 15.620402 seconds.
  path: Assets/Scenes/FMC.FBX
  artifactKey: Guid(e0bfbfacb97c46e43911fc02842c42e8) Importer(815301076,1909f56bfc062723c751e8b465ee728b)
Start importing Assets/Scenes/FMC.FBX using Guid(e0bfbfacb97c46e43911fc02842c42e8) Importer(815301076,1909f56bfc062723c751e8b465ee728b)  -> (artifact id: '1b9ef47f55c277d1668734cc024520b0') in 0.356907 seconds 
  Import took 0.360260 seconds .

========================================================================
Received Import Request.
  Time since last request: 98.505702 seconds.
  path: Assets/Scenes/Robot3dsMax.FBX
  artifactKey: Guid(223abe49283081d42bb619a272a63783) Importer(815301076,1909f56bfc062723c751e8b465ee728b)
Start importing Assets/Scenes/Robot3dsMax.FBX using Guid(223abe49283081d42bb619a272a63783) Importer(815301076,1909f56bfc062723c751e8b465ee728b)  -> (artifact id: 'c256be804aee77e8602d753a7077426a') in 0.259064 seconds 
  Import took 0.261719 seconds .

========================================================================
Received Import Request.
  Time since last request: 64.539783 seconds.
  path: Assets/Scenes/FMC.FBX
  artifactKey: Guid(e0bfbfacb97c46e43911fc02842c42e8) Importer(815301076,1909f56bfc062723c751e8b465ee728b)
Start importing Assets/Scenes/FMC.FBX using Guid(e0bfbfacb97c46e43911fc02842c42e8) Importer(815301076,1909f56bfc062723c751e8b465ee728b)  -> (artifact id: '0175692d6fb1674b75c18054aa09c683') in 0.043848 seconds 
  Import took 0.046962 seconds .

========================================================================
Received Import Request.
  Time since last request: 358.416163 seconds.
  path: Assets/Scenes/MC.FBX
  artifactKey: Guid(6e83875107b80bd4dba8325bf83410b2) Importer(815301076,1909f56bfc062723c751e8b465ee728b)
Start importing Assets/Scenes/MC.FBX using Guid(6e83875107b80bd4dba8325bf83410b2) Importer(815301076,1909f56bfc062723c751e8b465ee728b)  -> (artifact id: '297e752b94127fcf3a1242807259d558') in 0.057387 seconds 
  Import took 0.062826 seconds .

========================================================================
Received Import Request.
  Time since last request: 2175.875235 seconds.
  path: Assets/Scenes/MaoNanZu.png
  artifactKey: Guid(f2c507f20af7e514e944db83516509a1) Importer(815301076,1909f56bfc062723c751e8b465ee728b)
Start importing Assets/Scenes/MaoNanZu.png using Guid(f2c507f20af7e514e944db83516509a1) Importer(815301076,1909f56bfc062723c751e8b465ee728b)  -> (artifact id: 'e9c906837a6404a882420aa6b8b2964b') in 0.052572 seconds 
  Import took 0.056314 seconds .

========================================================================
Received Import Request.
  Time since last request: 400.677990 seconds.
  path: Assets/Scenes/SampleScene.unity
  artifactKey: Guid(9fc0d4010bbf28b4594072e72b8655ab) Importer(815301076,1909f56bfc062723c751e8b465ee728b)
Start importing Assets/Scenes/SampleScene.unity using Guid(9fc0d4010bbf28b4594072e72b8655ab) Importer(815301076,1909f56bfc062723c751e8b465ee728b)  -> (artifact id: 'a6eb2362846c5592d17821e04a409076') in 0.026203 seconds 
  Import took 0.031192 seconds .

========================================================================
Received Import Request.
  Time since last request: 32.821948 seconds.
  path: Assets/Scenes/New Folder
  artifactKey: Guid(5063e51e1233433469a5fa4ba55f1578) Importer(815301076,1909f56bfc062723c751e8b465ee728b)
Start importing Assets/Scenes/New Folder using Guid(5063e51e1233433469a5fa4ba55f1578) Importer(815301076,1909f56bfc062723c751e8b465ee728b)  -> (artifact id: 'e62fa13b8d6d45db16daba48e6546a9a') in 0.024604 seconds 
  Import took 0.029364 seconds .

========================================================================
Received Import Request.
  Time since last request: 6.992145 seconds.
  path: Assets/Scenes/Material
  artifactKey: Guid(5063e51e1233433469a5fa4ba55f1578) Importer(815301076,1909f56bfc062723c751e8b465ee728b)
Start importing Assets/Scenes/Material using Guid(5063e51e1233433469a5fa4ba55f1578) Importer(815301076,1909f56bfc062723c751e8b465ee728b)  -> (artifact id: 'b8b513593fa6e4152a01ce1ceb3cdd5d') in 0.026124 seconds 
  Import took 0.028803 seconds .

========================================================================
Received Import Request.
  Time since last request: 11.388194 seconds.
  path: Assets/Scenes/MCTexture
  artifactKey: Guid(5063e51e1233433469a5fa4ba55f1578) Importer(815301076,1909f56bfc062723c751e8b465ee728b)
Start importing Assets/Scenes/MCTexture using Guid(5063e51e1233433469a5fa4ba55f1578) Importer(815301076,1909f56bfc062723c751e8b465ee728b)  -> (artifact id: '09a340041353bd1c62d966ad5ea82b35') in 0.025250 seconds 
  Import took 0.027817 seconds .

========================================================================
Received Import Request.
  Time since last request: 17.820953 seconds.
  path: Assets/Scenes/New Material.mat
  artifactKey: Guid(1e0b532552b3af14c9be195ef920c7ed) Importer(815301076,1909f56bfc062723c751e8b465ee728b)
Start importing Assets/Scenes/New Material.mat using Guid(1e0b532552b3af14c9be195ef920c7ed) Importer(815301076,1909f56bfc062723c751e8b465ee728b)  -> (artifact id: 'c7db1fbd85099531a16edd5f13a3f089') in 0.039005 seconds 
  Import took 0.041334 seconds .

========================================================================
Received Import Request.
  Time since last request: 75.494599 seconds.
  path: Assets/Scenes/HaSaKeZu.png
  artifactKey: Guid(a9376a46005f502439867e6189ed03e6) Importer(815301076,1909f56bfc062723c751e8b465ee728b)
Start importing Assets/Scenes/HaSaKeZu.png using Guid(a9376a46005f502439867e6189ed03e6) Importer(815301076,1909f56bfc062723c751e8b465ee728b)  -> (artifact id: '2cc9d4233ba2c444b33b96e536eb856a') in 0.034800 seconds 
  Import took 0.037115 seconds .

========================================================================
Received Import Request.
  Time since last request: 6.226394 seconds.
  path: Assets/Scenes/Texture
  artifactKey: Guid(5063e51e1233433469a5fa4ba55f1578) Importer(815301076,1909f56bfc062723c751e8b465ee728b)
Start importing Assets/Scenes/Texture using Guid(5063e51e1233433469a5fa4ba55f1578) Importer(815301076,1909f56bfc062723c751e8b465ee728b)  -> (artifact id: '499453a69e633f7edd32cb00e67b1d17') in 0.025615 seconds 
  Import took 0.030432 seconds .

========================================================================
Received Import Request.
  Time since last request: 12.494020 seconds.
  path: Assets/Scenes/Texture/New Folder
  artifactKey: Guid(783ff9afaf6524f49ab76bf2d287d583) Importer(815301076,1909f56bfc062723c751e8b465ee728b)
Start importing Assets/Scenes/Texture/New Folder using Guid(783ff9afaf6524f49ab76bf2d287d583) Importer(815301076,1909f56bfc062723c751e8b465ee728b)  -> (artifact id: '8e49d14cefbaf7088b39cff4608c6acc') in 0.023017 seconds 
  Import took 0.025368 seconds .

========================================================================
Received Import Request.
  Time since last request: 21.871819 seconds.
  path: Assets/Scenes/Texture/MaleClothes
  artifactKey: Guid(783ff9afaf6524f49ab76bf2d287d583) Importer(815301076,1909f56bfc062723c751e8b465ee728b)
Start importing Assets/Scenes/Texture/MaleClothes using Guid(783ff9afaf6524f49ab76bf2d287d583) Importer(815301076,1909f56bfc062723c751e8b465ee728b)  -> (artifact id: 'da14f2400f98656a81fa419b0d2b1577') in 0.024244 seconds 
  Import took 0.027198 seconds .

========================================================================
Received Import Request.
  Time since last request: 133.048871 seconds.
  path: Assets/Scenes/New Material.mat
  artifactKey: Guid(1e0b532552b3af14c9be195ef920c7ed) Importer(815301076,1909f56bfc062723c751e8b465ee728b)
Start importing Assets/Scenes/New Material.mat using Guid(1e0b532552b3af14c9be195ef920c7ed) Importer(815301076,1909f56bfc062723c751e8b465ee728b)  -> (artifact id: '3cc5714312213cf4bdf8ebe2ac6e8dba') in 0.038222 seconds 
  Import took 0.041281 seconds .

AssetImportWorkerClient::OnTransportError - code=2 error=End of file
